Using pre-set license
Built from '2022.3/staging' branch; Version is '2022.3.16f1 (d2c21f0ef2f1) revision 13812255'; Using compiler version '192829333'; Build Type 'Release'
OS: 'Windows 11  (10.0.22631) 64bit Core' Language: 'en' Physical Memory: 32681 MB
BatchMode: 1, IsHumanControllingUs: 0, StartBugReporterOnCrash: 0, Is64bit: 1, IsPro: 1

COMMAND LINE ARGUMENTS:
S:\Unity\Hub\Editor\2022.3.16f1\Editor\Unity.exe
-adb2
-batchMode
-noUpm
-name
AssetImportWorker0
-projectPath
S:/FormieEngine/Formie Engine
-logFile
Logs/AssetImportWorker0.log
-srvPort
56269
Successfully changed project path to: S:/FormieEngine/Formie Engine
S:/FormieEngine/Formie Engine
[UnityMemory] Configuration Parameters - Can be set up in boot.config
    "memorysetup-bucket-allocator-granularity=16"
    "memorysetup-bucket-allocator-bucket-count=8"
    "memorysetup-bucket-allocator-block-size=33554432"
    "memorysetup-bucket-allocator-block-count=8"
    "memorysetup-main-allocator-block-size=16777216"
    "memorysetup-thread-allocator-block-size=16777216"
    "memorysetup-gfx-main-allocator-block-size=16777216"
    "memorysetup-gfx-thread-allocator-block-size=16777216"
    "memorysetup-cache-allocator-block-size=4194304"
    "memorysetup-typetree-allocator-block-size=2097152"
    "memorysetup-profiler-bucket-allocator-granularity=16"
    "memorysetup-profiler-bucket-allocator-bucket-count=8"
    "memorysetup-profiler-bucket-allocator-block-size=33554432"
    "memorysetup-profiler-bucket-allocator-block-count=8"
    "memorysetup-profiler-allocator-block-size=16777216"
    "memorysetup-profiler-editor-allocator-block-size=1048576"
    "memorysetup-temp-allocator-size-main=16777216"
    "memorysetup-job-temp-allocator-block-size=2097152"
    "memorysetup-job-temp-allocator-block-size-background=1048576"
    "memorysetup-job-temp-allocator-reduction-small-platforms=262144"
    "memorysetup-allocator-temp-initial-block-size-main=262144"
    "memorysetup-allocator-temp-initial-block-size-worker=262144"
    "memorysetup-temp-allocator-size-background-worker=32768"
    "memorysetup-temp-allocator-size-job-worker=262144"
    "memorysetup-temp-allocator-size-preload-manager=33554432"
    "memorysetup-temp-allocator-size-nav-mesh-worker=65536"
    "memorysetup-temp-allocator-size-audio-worker=65536"
    "memorysetup-temp-allocator-size-cloud-worker=32768"
    "memorysetup-temp-allocator-size-gi-baking-worker=262144"
    "memorysetup-temp-allocator-size-gfx=262144"
Player connection [37000] Host "[IP] 153.33.74.211 [Port] 0 [Flags] 2 [Guid] 3394861813 [EditorId] 3394861813 [Version] 1048832 [Id] WindowsEditor(7,RyzenDesktop) [Debug] 1 [PackageName] WindowsEditor [ProjectName] Editor" joined multi-casting on [225.0.0.222:54997]...

Player connection [37000] Host "[IP] 153.33.74.211 [Port] 0 [Flags] 2 [Guid] 3394861813 [EditorId] 3394861813 [Version] 1048832 [Id] WindowsEditor(7,RyzenDesktop) [Debug] 1 [PackageName] WindowsEditor [ProjectName] Editor" joined alternative multi-casting on [225.0.0.222:34997]...

[Physics::Module] Initialized MultithreadedJobDispatcher with 15 workers.
Refreshing native plugins compatible for Editor in 6.80 ms, found 3 plugins.
Preloading 0 native plugins for Editor in 0.00 ms.
Initialize engine version: 2022.3.16f1 (d2c21f0ef2f1)
[Subsystems] Discovering subsystems at path S:/Unity/Hub/Editor/2022.3.16f1/Editor/Data/Resources/UnitySubsystems
[Subsystems] Discovering subsystems at path S:/FormieEngine/Formie Engine/Assets
GfxDevice: creating device client; threaded=0; jobified=0
Direct3D:
    Version:  Direct3D 11.0 [level 11.1]
    Renderer: Radeon RX 580 Series (ID=0x67df)
    Vendor:   ATI
    VRAM:     8170 MB
    Driver:   31.0.21912.14
Shader Hidden/ProbeVolume/VoxelizeScene is not supported: GPU does not support conservative rasterization
Initialize mono
Mono path[0] = 'S:/Unity/Hub/Editor/2022.3.16f1/Editor/Data/Managed'
Mono path[1] = 'S:/Unity/Hub/Editor/2022.3.16f1/Editor/Data/MonoBleedingEdge/lib/mono/unityjit-win32'
Mono config path = 'S:/Unity/Hub/Editor/2022.3.16f1/Editor/Data/MonoBleedingEdge/etc'
Using monoOptions --debugger-agent=transport=dt_socket,embedding=1,server=y,suspend=n,address=127.0.0.1:56996
Begin MonoManager ReloadAssembly
Registering precompiled unity dll's ...
Register platform support module: S:/Unity/Hub/Editor/2022.3.16f1/Editor/Data/PlaybackEngines/WebGLSupport/UnityEditor.WebGL.Extensions.dll
Register platform support module: S:/Unity/Hub/Editor/2022.3.16f1/Editor/Data/PlaybackEngines/MacStandaloneSupport/UnityEditor.OSXStandalone.Extensions.dll
Register platform support module: S:/Unity/Hub/Editor/2022.3.16f1/Editor/Data/PlaybackEngines/AndroidPlayer/UnityEditor.Android.Extensions.dll
Register platform support module: S:/Unity/Hub/Editor/2022.3.16f1/Editor/Data/PlaybackEngines/iOSSupport/UnityEditor.iOS.Extensions.dll
Register platform support module: S:/Unity/Hub/Editor/2022.3.16f1/Editor/Data/PlaybackEngines/WindowsStandaloneSupport/UnityEditor.WindowsStandalone.Extensions.dll
Register platform support module: S:/Unity/Hub/Editor/2022.3.16f1/Editor/Data/PlaybackEngines/LinuxStandaloneSupport/UnityEditor.LinuxStandalone.Extensions.dll
Register platform support module: S:/Unity/Hub/Editor/2022.3.16f1/Editor/Data/PlaybackEngines/MetroSupport/UnityEditor.UWP.Extensions.dll
Registered in 0.007954 seconds.
- Loaded All Assemblies, in  0.305 seconds
Native extension for UWP target not found
Native extension for LinuxStandalone target not found
Native extension for WindowsStandalone target not found
[usbmuxd] Start listen thread
[usbmuxd] Listen thread started
Native extension for iOS target not found
Native extension for Android target not found
Android Extension - Scanning For ADB Devices 346 ms
Native extension for OSXStandalone target not found
Native extension for WebGL target not found
Mono: successfully reloaded assembly
- Finished resetting the current domain, in  0.625 seconds
Domain Reload Profiling: 930ms
	BeginReloadAssembly (89ms)
		ExecutionOrderSort (0ms)
		DisableScriptedObjects (0ms)
		BackupInstance (0ms)
		ReleaseScriptingObjects (0ms)
		CreateAndSetChildDomain (1ms)
	RebuildCommonClasses (26ms)
	RebuildNativeTypeToScriptingClass (10ms)
	initialDomainReloadingComplete (49ms)
	LoadAllAssembliesAndSetupDomain (131ms)
		LoadAssemblies (90ms)
		RebuildTransferFunctionScriptingTraits (0ms)
		AnalyzeDomain (128ms)
			TypeCache.Refresh (126ms)
				TypeCache.ScanAssembly (116ms)
			ScanForSourceGeneratedMonoScriptInfo (0ms)
			ResolveRequiredComponents (0ms)
	FinalizeReload (625ms)
		ReleaseScriptCaches (0ms)
		RebuildScriptCaches (0ms)
		SetupLoadedEditorAssemblies (578ms)
			LogAssemblyErrors (0ms)
			InitializePlatformSupportModulesInManaged (456ms)
			SetLoadedEditorAssemblies (4ms)
			RefreshPlugins (0ms)
			BeforeProcessingInitializeOnLoad (2ms)
			ProcessInitializeOnLoadAttributes (83ms)
			ProcessInitializeOnLoadMethodAttributes (33ms)
			AfterProcessingInitializeOnLoad (0ms)
			EditorAssembliesLoaded (0ms)
		ExecutionOrderSort2 (0ms)
		AwakeInstancesAfterBackupRestoration (0ms)
========================================================================
Worker process is ready to serve import requests
Begin MonoManager ReloadAssembly
- Loaded All Assemblies, in  0.516 seconds
Refreshing native plugins compatible for Editor in 2.06 ms, found 3 plugins.
Native extension for UWP target not found
Native extension for LinuxStandalone target not found
Native extension for WindowsStandalone target not found
Native extension for iOS target not found
Native extension for Android target not found
Native extension for OSXStandalone target not found
Native extension for WebGL target not found
Package Manager log level set to [2]
[Package Manager] Server::EnsureServerProcessIsRunning -- launch failed, reason: Unity was launched with the -noUpm command-line argument
[Package Manager] UpmClient::Send -- Unable to send message (not connected to UPM process).
[Package Manager] Cannot connect to Unity Package Manager local server
Mono: successfully reloaded assembly
- Finished resetting the current domain, in  0.501 seconds
Domain Reload Profiling: 1017ms
	BeginReloadAssembly (111ms)
		ExecutionOrderSort (0ms)
		DisableScriptedObjects (4ms)
		BackupInstance (0ms)
		ReleaseScriptingObjects (0ms)
		CreateAndSetChildDomain (22ms)
	RebuildCommonClasses (26ms)
	RebuildNativeTypeToScriptingClass (14ms)
	initialDomainReloadingComplete (34ms)
	LoadAllAssembliesAndSetupDomain (330ms)
		LoadAssemblies (227ms)
		RebuildTransferFunctionScriptingTraits (0ms)
		AnalyzeDomain (162ms)
			TypeCache.Refresh (137ms)
				TypeCache.ScanAssembly (124ms)
			ScanForSourceGeneratedMonoScriptInfo (17ms)
			ResolveRequiredComponents (6ms)
	FinalizeReload (502ms)
		ReleaseScriptCaches (0ms)
		RebuildScriptCaches (0ms)
		SetupLoadedEditorAssemblies (365ms)
			LogAssemblyErrors (0ms)
			InitializePlatformSupportModulesInManaged (26ms)
			SetLoadedEditorAssemblies (2ms)
			RefreshPlugins (0ms)
			BeforeProcessingInitializeOnLoad (48ms)
			ProcessInitializeOnLoadAttributes (234ms)
			ProcessInitializeOnLoadMethodAttributes (53ms)
			AfterProcessingInitializeOnLoad (2ms)
			EditorAssembliesLoaded (0ms)
		ExecutionOrderSort2 (0ms)
		AwakeInstancesAfterBackupRestoration (4ms)
Shader Hidden/ProbeVolume/VoxelizeScene is not supported: GPU does not support conservative rasterization
Launched and connected shader compiler UnityShaderCompiler.exe after 0.08 seconds
Refreshing native plugins compatible for Editor in 2.30 ms, found 3 plugins.
Preloading 0 native plugins for Editor in 0.00 ms.
Unloading 4931 Unused Serialized files (Serialized files now loaded: 0)
Unloading 75 unused Assets / (0.8 MB). Loaded Objects now: 5380.
Memory consumption went from 206.8 MB to 206.1 MB.
Total: 3.252000 ms (FindLiveObjects: 0.396800 ms CreateObjectMapping: 0.147900 ms MarkObjects: 2.374600 ms  DeleteObjects: 0.331700 ms)

AssetImportParameters requested are different than current active one (requested -> active):
  custom:container-demuxer-ogg: 62fdf1f143b41e24485cea50d1cbac27 -> 
  custom:video-decoder-ogg-theora: a1e56fd34408186e4bbccfd4996cb3dc -> 
  custom:framework-win-MediaFoundation: 216162199b28c13a410421893ffa2e32 -> 
  custom:CustomObjectIndexerAttribute: 4d1d7186bcbbfe361de5f0ad951e585c -> 
  custom:container-demuxer-webm: 4f35f7cbe854078d1ac9338744f61a02 -> 
  custom:container-muxer-webm: aa71ff27fc2769a1b78a27578f13a17b -> 
  custom:video-decoder-webm-vp8: 9c59270c3fd7afecdb556c50c9e8de78 -> 
  custom:SearchIndexIgnoredProperties: e643bd26f0fe6173181afceb89e7c659 -> 
  custom:AudioImporter_EditorPlatform: d09bf68614088b80899f8185d706f6e7 -> 
  custom:video-encoder-webm-vp8: eb34c28f22e8b96e1ab97ce403110664 -> 
  custom:audio-decoder-ogg-vorbis: bf7c407c2cedff20999df2af8eb42d56 -> 
  custom:audio-encoder-webm-vorbis: bf7c407c2cedff20999df2af8eb42d56 -> 
========================================================================
Received Import Request.
  Time since last request: 26910.017198 seconds.
  path: Assets/UniversalRenderPipelineGlobalSettings.asset
  artifactKey: Guid(18dc0cd2c080841dea60987a38ce93fa) Importer(815301076,1909f56bfc062723c751e8b465ee728b)
Start importing Assets/UniversalRenderPipelineGlobalSettings.asset using Guid(18dc0cd2c080841dea60987a38ce93fa) Importer(815301076,1909f56bfc062723c751e8b465ee728b)  -> (artifact id: 'bf838204690c17767bba5a3a082540b0') in 0.011425 seconds
Number of updated asset objects reloaded before import = 0
Number of asset objects unloaded after import = 1
========================================================================
Received Prepare
Begin MonoManager ReloadAssembly
- Loaded All Assemblies, in  0.418 seconds
Refreshing native plugins compatible for Editor in 1.82 ms, found 3 plugins.
Native extension for UWP target not found
Native extension for LinuxStandalone target not found
Native extension for WindowsStandalone target not found
Native extension for iOS target not found
Native extension for Android target not found
Native extension for OSXStandalone target not found
Native extension for WebGL target not found
[Package Manager] Server::EnsureServerProcessIsRunning -- launch failed, reason: Unity was launched with the -noUpm command-line argument
[Package Manager] UpmClient::Send -- Unable to send message (not connected to UPM process).
[Package Manager] Cannot connect to Unity Package Manager local server
Mono: successfully reloaded assembly
- Finished resetting the current domain, in  0.830 seconds
Domain Reload Profiling: 1248ms
	BeginReloadAssembly (132ms)
		ExecutionOrderSort (0ms)
		DisableScriptedObjects (3ms)
		BackupInstance (0ms)
		ReleaseScriptingObjects (0ms)
		CreateAndSetChildDomain (36ms)
	RebuildCommonClasses (25ms)
	RebuildNativeTypeToScriptingClass (8ms)
	initialDomainReloadingComplete (18ms)
	LoadAllAssembliesAndSetupDomain (234ms)
		LoadAssemblies (191ms)
		RebuildTransferFunctionScriptingTraits (0ms)
		AnalyzeDomain (109ms)
			TypeCache.Refresh (89ms)
				TypeCache.ScanAssembly (78ms)
			ScanForSourceGeneratedMonoScriptInfo (12ms)
			ResolveRequiredComponents (7ms)
	FinalizeReload (830ms)
		ReleaseScriptCaches (0ms)
		RebuildScriptCaches (0ms)
		SetupLoadedEditorAssemblies (370ms)
			LogAssemblyErrors (0ms)
			InitializePlatformSupportModulesInManaged (29ms)
			SetLoadedEditorAssemblies (2ms)
			RefreshPlugins (0ms)
			BeforeProcessingInitializeOnLoad (49ms)
			ProcessInitializeOnLoadAttributes (232ms)
			ProcessInitializeOnLoadMethodAttributes (55ms)
			AfterProcessingInitializeOnLoad (2ms)
			EditorAssembliesLoaded (0ms)
		ExecutionOrderSort2 (0ms)
		AwakeInstancesAfterBackupRestoration (14ms)
Shader Hidden/ProbeVolume/VoxelizeScene is not supported: GPU does not support conservative rasterization
Refreshing native plugins compatible for Editor in 2.29 ms, found 3 plugins.
Preloading 0 native plugins for Editor in 0.00 ms.
Unloading 4797 Unused Serialized files (Serialized files now loaded: 0)
Unloading 50 unused Assets / (0.7 MB). Loaded Objects now: 5395.
Memory consumption went from 184.8 MB to 184.1 MB.
Total: 3.241300 ms (FindLiveObjects: 0.319200 ms CreateObjectMapping: 0.129400 ms MarkObjects: 2.510700 ms  DeleteObjects: 0.281200 ms)

Prepare: number of updated asset objects reloaded= 0
AssetImportParameters requested are different than current active one (requested -> active):
  custom:container-demuxer-ogg: 62fdf1f143b41e24485cea50d1cbac27 -> 
  custom:video-decoder-ogg-theora: a1e56fd34408186e4bbccfd4996cb3dc -> 
  custom:framework-win-MediaFoundation: 216162199b28c13a410421893ffa2e32 -> 
  custom:CustomObjectIndexerAttribute: 4d1d7186bcbbfe361de5f0ad951e585c -> 
  custom:container-demuxer-webm: 4f35f7cbe854078d1ac9338744f61a02 -> 
  custom:container-muxer-webm: aa71ff27fc2769a1b78a27578f13a17b -> 
  custom:video-decoder-webm-vp8: 9c59270c3fd7afecdb556c50c9e8de78 -> 
  custom:SearchIndexIgnoredProperties: e643bd26f0fe6173181afceb89e7c659 -> 
  custom:AudioImporter_EditorPlatform: d09bf68614088b80899f8185d706f6e7 -> 
  custom:video-encoder-webm-vp8: eb34c28f22e8b96e1ab97ce403110664 -> 
  custom:audio-decoder-ogg-vorbis: bf7c407c2cedff20999df2af8eb42d56 -> 
  custom:audio-encoder-webm-vorbis: bf7c407c2cedff20999df2af8eb42d56 -> 
========================================================================
Received Import Request.
  Time since last request: 24.004862 seconds.
  path: Assets
  artifactKey: Guid(00000000000000001000000000000000) Importer(815301076,1909f56bfc062723c751e8b465ee728b)
Start importing Assets using Guid(00000000000000001000000000000000) Importer(815301076,1909f56bfc062723c751e8b465ee728b)  -> (artifact id: '8a4fe85251aa2e89732c359432baa2c3') in 0.001461 seconds
Number of updated asset objects reloaded before import = 0
Number of asset objects unloaded after import = 0
========================================================================
Received Import Request.
  Time since last request: 7.454352 seconds.
  path: Assets/Assets
  artifactKey: Guid(324619227f5ab564cba7d70ebb244c84) Importer(815301076,1909f56bfc062723c751e8b465ee728b)
Start importing Assets/Assets using Guid(324619227f5ab564cba7d70ebb244c84) Importer(815301076,1909f56bfc062723c751e8b465ee728b)  -> (artifact id: 'feda0078a640b12aa0a256218ad30d2f') in 0.000471 seconds
Number of updated asset objects reloaded before import = 0
Number of asset objects unloaded after import = 0
========================================================================
Received Import Request.
  Time since last request: 210.939761 seconds.
  path: Assets/Scenes/TestScene.unity
  artifactKey: Guid(b40d7485c10357348af6b30403f3279a) Importer(815301076,1909f56bfc062723c751e8b465ee728b)
Start importing Assets/Scenes/TestScene.unity using Guid(b40d7485c10357348af6b30403f3279a) Importer(815301076,1909f56bfc062723c751e8b465ee728b)  -> (artifact id: '777fc5dc499382007b2365fd39ba1119') in 0.000332 seconds
Number of updated asset objects reloaded before import = 0
Number of asset objects unloaded after import = 0
========================================================================
Received Import Request.
  Time since last request: 43.095326 seconds.
  path: Assets/Assets/Spark/Player/Models/Spark.fbx
  artifactKey: Guid(33a8b66c2763e324b8322d3cfbe8bb38) Importer(815301076,1909f56bfc062723c751e8b465ee728b)
Start importing Assets/Assets/Spark/Player/Models/Spark.fbx using Guid(33a8b66c2763e324b8322d3cfbe8bb38) Importer(815301076,1909f56bfc062723c751e8b465ee728b)  -> (artifact id: 'e4b2dbad2a24267e1a2424a9f479ed03') in 1.241084 seconds
Number of updated asset objects reloaded before import = 0
Number of asset objects unloaded after import = 532
========================================================================
Received Import Request.
  Time since last request: 9.866389 seconds.
  path: Assets/Assets/Spark/Player/Models/Animations/Spark.controller
  artifactKey: Guid(9f81ba028bf71fd4fb0d669be0a8302b) Importer(815301076,1909f56bfc062723c751e8b465ee728b)
Start importing Assets/Assets/Spark/Player/Models/Animations/Spark.controller using Guid(9f81ba028bf71fd4fb0d669be0a8302b) Importer(815301076,1909f56bfc062723c751e8b465ee728b)  -> (artifact id: '34761aa272112abf4ac746ad4e546699') in 0.001616 seconds
Number of updated asset objects reloaded before import = 0
Number of asset objects unloaded after import = 4
========================================================================
Received Import Request.
  Time since last request: 131.186502 seconds.
  path: Assets/Assets/Spark/Player/Models/Animations/Idle.anim
  artifactKey: Guid(a46cf79eda2f072448f134a5268cca1a) Importer(815301076,1909f56bfc062723c751e8b465ee728b)
Start importing Assets/Assets/Spark/Player/Models/Animations/Idle.anim using Guid(a46cf79eda2f072448f134a5268cca1a) Importer(815301076,1909f56bfc062723c751e8b465ee728b)  -> (artifact id: 'b4227ea3866592acf788c1af86826b09') in 0.000822 seconds
Number of updated asset objects reloaded before import = 0
Number of asset objects unloaded after import = 1
========================================================================
Received Import Request.
  Time since last request: 31.736880 seconds.
  path: Assets/Assets/Spark/Player/Models/Animations/Spark.controller
  artifactKey: Guid(9f81ba028bf71fd4fb0d669be0a8302b) Importer(815301076,1909f56bfc062723c751e8b465ee728b)
Start importing Assets/Assets/Spark/Player/Models/Animations/Spark.controller using Guid(9f81ba028bf71fd4fb0d669be0a8302b) Importer(815301076,1909f56bfc062723c751e8b465ee728b)  -> (artifact id: 'ecd79cd7ac92f9ed8b155a4926998126') in 0.000634 seconds
Number of updated asset objects reloaded before import = 0
Number of asset objects unloaded after import = 1
========================================================================
Received Import Request.
  Time since last request: 1201.034907 seconds.
  path: Assets/Assets/Spark/Player/Scriptables/JesterPowers.cs
  artifactKey: Guid(c09721af502af6f4e97d0e0eba0c9116) Importer(815301076,1909f56bfc062723c751e8b465ee728b)
Start importing Assets/Assets/Spark/Player/Scriptables/JesterPowers.cs using Guid(c09721af502af6f4e97d0e0eba0c9116) Importer(815301076,1909f56bfc062723c751e8b465ee728b)  -> (artifact id: 'f72fbff331f13c874d4c23a15b3f8370') in 0.000425 seconds
Number of updated asset objects reloaded before import = 0
Number of asset objects unloaded after import = 0
========================================================================
Received Import Request.
  Time since last request: 1.099908 seconds.
  path: Assets/Assets/Spark/Player/Scriptables/SparkPlayer.cs
  artifactKey: Guid(54ef5e2dbbf2d714b9164b9b90adf6d2) Importer(815301076,1909f56bfc062723c751e8b465ee728b)
Start importing Assets/Assets/Spark/Player/Scriptables/SparkPlayer.cs using Guid(54ef5e2dbbf2d714b9164b9b90adf6d2) Importer(815301076,1909f56bfc062723c751e8b465ee728b)  -> (artifact id: '27a2eb9c68a7177f5417d046b0d73120') in 0.000375 seconds
Number of updated asset objects reloaded before import = 0
Number of asset objects unloaded after import = 0
========================================================================
Received Import Request.
  Time since last request: 41.151914 seconds.
  path: Assets/Assets/Spark/Player/Scripts
  artifactKey: Guid(51beaa3ecc1fa2e4782dd9cd0402efa6) Importer(815301076,1909f56bfc062723c751e8b465ee728b)
Start importing Assets/Assets/Spark/Player/Scripts using Guid(51beaa3ecc1fa2e4782dd9cd0402efa6) Importer(815301076,1909f56bfc062723c751e8b465ee728b)  -> (artifact id: '725e9c8c25ae31dc2b847fa17d1fc70a') in 0.000312 seconds
Number of updated asset objects reloaded before import = 0
Number of asset objects unloaded after import = 0
========================================================================
Received Import Request.
  Time since last request: 5.320678 seconds.
  path: Assets/Assets/Spark/Player/Scripts/States
  artifactKey: Guid(2dc4e9163f3e363408c9d0cf8a5c0af2) Importer(815301076,1909f56bfc062723c751e8b465ee728b)
Start importing Assets/Assets/Spark/Player/Scripts/States using Guid(2dc4e9163f3e363408c9d0cf8a5c0af2) Importer(815301076,1909f56bfc062723c751e8b465ee728b)  -> (artifact id: 'b6c216322992a7ae8b1b8929d816ab70') in 0.000322 seconds
Number of updated asset objects reloaded before import = 0
Number of asset objects unloaded after import = 0
========================================================================
Received Import Request.
  Time since last request: 15.615077 seconds.
  path: Assets/Assets/Spark/Player/Scripts/States/AirDashPlayerState.cs
  artifactKey: Guid(37ebd5d42ddf7de4cbce05c7019bfd80) Importer(815301076,1909f56bfc062723c751e8b465ee728b)
Start importing Assets/Assets/Spark/Player/Scripts/States/AirDashPlayerState.cs using Guid(37ebd5d42ddf7de4cbce05c7019bfd80) Importer(815301076,1909f56bfc062723c751e8b465ee728b)  -> (artifact id: '7805a05916cd08c7c583f9c5a25dba8f') in 0.000315 seconds
Number of updated asset objects reloaded before import = 0
Number of asset objects unloaded after import = 0
========================================================================
Received Import Request.
  Time since last request: 14.884675 seconds.
  path: Assets/Assets/Spark/Player/Scripts/States/ParryPlayerState.cs
  artifactKey: Guid(c73bc1144c2554742951ad8f6bbf838b) Importer(815301076,1909f56bfc062723c751e8b465ee728b)
Start importing Assets/Assets/Spark/Player/Scripts/States/ParryPlayerState.cs using Guid(c73bc1144c2554742951ad8f6bbf838b) Importer(815301076,1909f56bfc062723c751e8b465ee728b)  -> (artifact id: 'db2be81a14a1f57e1a87c4ac06584aab') in 0.000362 seconds
Number of updated asset objects reloaded before import = 0
Number of asset objects unloaded after import = 0
========================================================================
Received Import Request.
  Time since last request: 24.893973 seconds.
  path: Assets/Assets/Spark/Player/Scripts/States/PlayerAttackState.cs
  artifactKey: Guid(26010b87e4facf6468d8a2614f8dd550) Importer(815301076,1909f56bfc062723c751e8b465ee728b)
Start importing Assets/Assets/Spark/Player/Scripts/States/PlayerAttackState.cs using Guid(26010b87e4facf6468d8a2614f8dd550) Importer(815301076,1909f56bfc062723c751e8b465ee728b)  -> (artifact id: '1b2397af4a8af4e0551da99fb9a7cae7') in 0.000434 seconds
Number of updated asset objects reloaded before import = 0
Number of asset objects unloaded after import = 0
========================================================================
Received Import Request.
  Time since last request: 18.918344 seconds.
  path: Assets/Assets/Spark/Player/Scripts/States/AttackPlayerState.cs
  artifactKey: Guid(15889df57c2518a45b19682fe8cd0388) Importer(815301076,1909f56bfc062723c751e8b465ee728b)
Start importing Assets/Assets/Spark/Player/Scripts/States/AttackPlayerState.cs using Guid(15889df57c2518a45b19682fe8cd0388) Importer(815301076,1909f56bfc062723c751e8b465ee728b)  -> (artifact id: '44ee33ca7372421c3209df3898d66826') in 0.000400 seconds
Number of updated asset objects reloaded before import = 0
Number of asset objects unloaded after import = 0
========================================================================
Received Import Request.
  Time since last request: 13.571463 seconds.
  path: Assets/Assets/Spark/Player/Scripts/States/CrouchPlayerState.cs
  artifactKey: Guid(49688bcece6d5e747b1ca1fa9f73e1dc) Importer(815301076,1909f56bfc062723c751e8b465ee728b)
Start importing Assets/Assets/Spark/Player/Scripts/States/CrouchPlayerState.cs using Guid(49688bcece6d5e747b1ca1fa9f73e1dc) Importer(815301076,1909f56bfc062723c751e8b465ee728b)  -> (artifact id: '4f9f1c19395a53192a3fd1ab157c759b') in 0.000367 seconds
Number of updated asset objects reloaded before import = 0
Number of asset objects unloaded after import = 0
========================================================================
Received Import Request.
  Time since last request: 20.311752 seconds.
  path: Assets/Assets/Spark/Player/Scripts/States/lookUpPlayerState.cs
  artifactKey: Guid(776c17f2dc51b064cb12e8ba6c4d341d) Importer(815301076,1909f56bfc062723c751e8b465ee728b)
Start importing Assets/Assets/Spark/Player/Scripts/States/lookUpPlayerState.cs using Guid(776c17f2dc51b064cb12e8ba6c4d341d) Importer(815301076,1909f56bfc062723c751e8b465ee728b)  -> (artifact id: 'cd77910db4543e4825c6be7492910167') in 0.000370 seconds
Number of updated asset objects reloaded before import = 0
Number of asset objects unloaded after import = 0
========================================================================
Received Import Request.
  Time since last request: 25.778684 seconds.
  path: Assets/Assets/Spark/Player/Scripts/States/LookUpPlayerState.cs
  artifactKey: Guid(776c17f2dc51b064cb12e8ba6c4d341d) Importer(815301076,1909f56bfc062723c751e8b465ee728b)
Start importing Assets/Assets/Spark/Player/Scripts/States/LookUpPlayerState.cs using Guid(776c17f2dc51b064cb12e8ba6c4d341d) Importer(815301076,1909f56bfc062723c751e8b465ee728b)  -> (artifact id: 'ca9307a08e0a982f4bd5fa44ec8aa96f') in 0.000380 seconds
Number of updated asset objects reloaded before import = 0
Number of asset objects unloaded after import = 0
========================================================================
Received Import Request.
  Time since last request: 7.657295 seconds.
  path: Assets/Assets/Spark/Player/Scripts/States/NewBehaviourScript.cs
  artifactKey: Guid(a442c3b22d1901c408e111323d96f6a4) Importer(815301076,1909f56bfc062723c751e8b465ee728b)
Start importing Assets/Assets/Spark/Player/Scripts/States/NewBehaviourScript.cs using Guid(a442c3b22d1901c408e111323d96f6a4) Importer(815301076,1909f56bfc062723c751e8b465ee728b)  -> (artifact id: '105cd0d4b51a6e591c78e56dfebb148e') in 0.000454 seconds
Number of updated asset objects reloaded before import = 0
Number of asset objects unloaded after import = 0
========================================================================
Received Import Request.
  Time since last request: 14.766496 seconds.
  path: Assets/Assets/Spark/Player/Scripts/States/HurtPlayerScript.cs
  artifactKey: Guid(f1afaa4585c326545880bafff2270d8e) Importer(815301076,1909f56bfc062723c751e8b465ee728b)
Start importing Assets/Assets/Spark/Player/Scripts/States/HurtPlayerScript.cs using Guid(f1afaa4585c326545880bafff2270d8e) Importer(815301076,1909f56bfc062723c751e8b465ee728b)  -> (artifact id: '9a3cfa5af01751fe3344712f5bb15e03') in 0.000334 seconds
Number of updated asset objects reloaded before import = 0
Number of asset objects unloaded after import = 0
========================================================================
Received Import Request.
  Time since last request: 18.356243 seconds.
  path: Assets/Assets/Spark/Player/Scripts/States/DiePlayerState.cs
  artifactKey: Guid(610ac67af5f96dd4aa5a56a6370573bd) Importer(815301076,1909f56bfc062723c751e8b465ee728b)
Start importing Assets/Assets/Spark/Player/Scripts/States/DiePlayerState.cs using Guid(610ac67af5f96dd4aa5a56a6370573bd) Importer(815301076,1909f56bfc062723c751e8b465ee728b)  -> (artifact id: '923177d8c53ac011594a311d92f0fb90') in 0.000361 seconds
Number of updated asset objects reloaded before import = 0
Number of asset objects unloaded after import = 0
========================================================================
Received Import Request.
  Time since last request: 15.898422 seconds.
  path: Assets/Assets/Spark/Player/Scripts/States/HurtPlayerState.cs
  artifactKey: Guid(10a39fdd28730a749a471a1fcc90abf2) Importer(815301076,1909f56bfc062723c751e8b465ee728b)
Start importing Assets/Assets/Spark/Player/Scripts/States/HurtPlayerState.cs using Guid(10a39fdd28730a749a471a1fcc90abf2) Importer(815301076,1909f56bfc062723c751e8b465ee728b)  -> (artifact id: '572cba18d6140f35331e4f1f09f811c4') in 0.000378 seconds
Number of updated asset objects reloaded before import = 0
Number of asset objects unloaded after import = 0
========================================================================
Received Import Request.
  Time since last request: 11.835505 seconds.
  path: Assets/Assets/Spark/Player/Scripts/States/DashPlayerState.cs
  artifactKey: Guid(a938c3344118f8b4a9b4eeb04af9a173) Importer(815301076,1909f56bfc062723c751e8b465ee728b)
Start importing Assets/Assets/Spark/Player/Scripts/States/DashPlayerState.cs using Guid(a938c3344118f8b4a9b4eeb04af9a173) Importer(815301076,1909f56bfc062723c751e8b465ee728b)  -> (artifact id: '15c27b53df5ddab303e0a56bf7b80fa0') in 0.000449 seconds
Number of updated asset objects reloaded before import = 0
Number of asset objects unloaded after import = 0
========================================================================
Received Import Request.
  Time since last request: 13.566750 seconds.
  path: Assets/Assets/Spark/Player/Scripts/States/DownDashPlayerState.cs
  artifactKey: Guid(d4e73296cf7435049b21ba6e851739e8) Importer(815301076,1909f56bfc062723c751e8b465ee728b)
Start importing Assets/Assets/Spark/Player/Scripts/States/DownDashPlayerState.cs using Guid(d4e73296cf7435049b21ba6e851739e8) Importer(815301076,1909f56bfc062723c751e8b465ee728b)  -> (artifact id: '9d61118c09e941c5f0f71b0c10be260c') in 0.000345 seconds
Number of updated asset objects reloaded before import = 0
Number of asset objects unloaded after import = 0
========================================================================
Received Import Request.
  Time since last request: 18.852911 seconds.
  path: Assets/Assets/Spark/Player/Scripts/States/StageClearPlayerState.cs
  artifactKey: Guid(c4cb978a1e57dc844bed0d917f229a88) Importer(815301076,1909f56bfc062723c751e8b465ee728b)
Start importing Assets/Assets/Spark/Player/Scripts/States/StageClearPlayerState.cs using Guid(c4cb978a1e57dc844bed0d917f229a88) Importer(815301076,1909f56bfc062723c751e8b465ee728b)  -> (artifact id: '59e51e2f561a78e2f679feb993c6603e') in 0.000336 seconds
Number of updated asset objects reloaded before import = 0
Number of asset objects unloaded after import = 0
========================================================================
Received Import Request.
  Time since last request: 7.688349 seconds.
  path: Assets/Assets/Spark/Player/Scripts/States/JumpPlayerState.cs
  artifactKey: Guid(5d5e920bd506759459b9e1f22515b848) Importer(815301076,1909f56bfc062723c751e8b465ee728b)
Start importing Assets/Assets/Spark/Player/Scripts/States/JumpPlayerState.cs using Guid(5d5e920bd506759459b9e1f22515b848) Importer(815301076,1909f56bfc062723c751e8b465ee728b)  -> (artifact id: '18cc6e1e8335c3166c4734e097d7cc78') in 0.000388 seconds
Number of updated asset objects reloaded before import = 0
Number of asset objects unloaded after import = 0
========================================================================
Received Import Request.
  Time since last request: 8.726107 seconds.
  path: Assets/Assets/Spark/Player/Scripts/States/BrakePlayerState.cs
  artifactKey: Guid(1a32996bd061ae6418419e210ca168db) Importer(815301076,1909f56bfc062723c751e8b465ee728b)
Start importing Assets/Assets/Spark/Player/Scripts/States/BrakePlayerState.cs using Guid(1a32996bd061ae6418419e210ca168db) Importer(815301076,1909f56bfc062723c751e8b465ee728b)  -> (artifact id: 'aa5a4c5a8b7a284e24d494f3d1524079') in 0.000476 seconds
Number of updated asset objects reloaded before import = 0
Number of asset objects unloaded after import = 0
========================================================================
Received Import Request.
  Time since last request: 21.724817 seconds.
  path: Assets/Assets/Spark/Player/Scripts/States/WalkPlayerState.cs
  artifactKey: Guid(7f1e2fb36bfd44047aeb58da4404e3c7) Importer(815301076,1909f56bfc062723c751e8b465ee728b)
Start importing Assets/Assets/Spark/Player/Scripts/States/WalkPlayerState.cs using Guid(7f1e2fb36bfd44047aeb58da4404e3c7) Importer(815301076,1909f56bfc062723c751e8b465ee728b)  -> (artifact id: '2d4b817c10546326ee7cd75b37b656a4') in 0.000465 seconds
Number of updated asset objects reloaded before import = 0
Number of asset objects unloaded after import = 0
========================================================================
Received Import Request.
  Time since last request: 24.560639 seconds.
  path: Assets/Assets/Spark/Player/Scripts/PlayerAudio.cs
  artifactKey: Guid(a5db76fd9d4989d419448b9c1e6f4bcf) Importer(815301076,1909f56bfc062723c751e8b465ee728b)
Start importing Assets/Assets/Spark/Player/Scripts/PlayerAudio.cs using Guid(a5db76fd9d4989d419448b9c1e6f4bcf) Importer(815301076,1909f56bfc062723c751e8b465ee728b)  -> (artifact id: '66ebaabc360f5a7e0682aebe0072ff1a') in 0.000455 seconds
Number of updated asset objects reloaded before import = 0
Number of asset objects unloaded after import = 0
========================================================================
Received Import Request.
  Time since last request: 3.314472 seconds.
  path: Assets/Assets/Spark/Player/Scripts/SparkPlayer.cs
  artifactKey: Guid(54ef5e2dbbf2d714b9164b9b90adf6d2) Importer(815301076,1909f56bfc062723c751e8b465ee728b)
Start importing Assets/Assets/Spark/Player/Scripts/SparkPlayer.cs using Guid(54ef5e2dbbf2d714b9164b9b90adf6d2) Importer(815301076,1909f56bfc062723c751e8b465ee728b)  -> (artifact id: 'db177f88d58d99e47b8b3954d797f6e0') in 0.000323 seconds
Number of updated asset objects reloaded before import = 0
Number of asset objects unloaded after import = 0
========================================================================
Received Import Request.
  Time since last request: 8.177449 seconds.
  path: Assets/Assets/Spark/Player/Scripts/Player.cs
  artifactKey: Guid(54ef5e2dbbf2d714b9164b9b90adf6d2) Importer(815301076,1909f56bfc062723c751e8b465ee728b)
Start importing Assets/Assets/Spark/Player/Scripts/Player.cs using Guid(54ef5e2dbbf2d714b9164b9b90adf6d2) Importer(815301076,1909f56bfc062723c751e8b465ee728b)  -> (artifact id: 'b2b3897eec06b4bb1cca6df706614bd8') in 0.000372 seconds
Number of updated asset objects reloaded before import = 0
Number of asset objects unloaded after import = 0
========================================================================
Received Import Request.
  Time since last request: 43.292679 seconds.
  path: Assets/Assets/Spark/Player/Scripts/PlayerCamera.cs
  artifactKey: Guid(e87290c298c07754ea4b7f72f6b03704) Importer(815301076,1909f56bfc062723c751e8b465ee728b)
Start importing Assets/Assets/Spark/Player/Scripts/PlayerCamera.cs using Guid(e87290c298c07754ea4b7f72f6b03704) Importer(815301076,1909f56bfc062723c751e8b465ee728b)  -> (artifact id: '67e617062a8f70edbe489d73a44b010d') in 0.000344 seconds
Number of updated asset objects reloaded before import = 0
Number of asset objects unloaded after import = 0
========================================================================
Received Import Request.
  Time since last request: 44.820818 seconds.
  path: Assets/Assets/Spark/Player/Scripts/PlayerInput.cs
  artifactKey: Guid(b803d7515f61f6c409354711ed93a9b6) Importer(815301076,1909f56bfc062723c751e8b465ee728b)
Start importing Assets/Assets/Spark/Player/Scripts/PlayerInput.cs using Guid(b803d7515f61f6c409354711ed93a9b6) Importer(815301076,1909f56bfc062723c751e8b465ee728b)  -> (artifact id: '1efdf1504b8f64e30d4383584c613c71') in 0.000528 seconds
Number of updated asset objects reloaded before import = 0
Number of asset objects unloaded after import = 0
========================================================================
Received Import Request.
  Time since last request: 9.354567 seconds.
  path: Assets/Assets/Spark/Player/Scripts/PlayerMotor.cs
  artifactKey: Guid(0e7c80ab6941584438eb865ca5fac82d) Importer(815301076,1909f56bfc062723c751e8b465ee728b)
Start importing Assets/Assets/Spark/Player/Scripts/PlayerMotor.cs using Guid(0e7c80ab6941584438eb865ca5fac82d) Importer(815301076,1909f56bfc062723c751e8b465ee728b)  -> (artifact id: 'd3bb4b30b6195b7257743861cfe45d50') in 0.000485 seconds
Number of updated asset objects reloaded before import = 0
Number of asset objects unloaded after import = 0
========================================================================
Received Import Request.
  Time since last request: 11.329809 seconds.
  path: Assets/Assets/Spark/Player/Scripts/PlayerParticles.cs
  artifactKey: Guid(445900048099492449e1a06e99582022) Importer(815301076,1909f56bfc062723c751e8b465ee728b)
Start importing Assets/Assets/Spark/Player/Scripts/PlayerParticles.cs using Guid(445900048099492449e1a06e99582022) Importer(815301076,1909f56bfc062723c751e8b465ee728b)  -> (artifact id: '6c425698470e3b48eaf543006e2c2a05') in 0.000598 seconds
Number of updated asset objects reloaded before import = 0
Number of asset objects unloaded after import = 0
========================================================================
Received Import Request.
  Time since last request: 12.889110 seconds.
  path: Assets/Assets/Spark/Player/Scripts/PlayerPowers.cs
  artifactKey: Guid(7e52b0178c31fdd4dba61252ca66f0ba) Importer(815301076,1909f56bfc062723c751e8b465ee728b)
Start importing Assets/Assets/Spark/Player/Scripts/PlayerPowers.cs using Guid(7e52b0178c31fdd4dba61252ca66f0ba) Importer(815301076,1909f56bfc062723c751e8b465ee728b)  -> (artifact id: '7aefbdf24c6db1890e9caa276204fae6') in 0.000353 seconds
Number of updated asset objects reloaded before import = 0
Number of asset objects unloaded after import = 0
========================================================================
Received Import Request.
  Time since last request: 33.761665 seconds.
  path: Assets/Assets/Spark/Player/Scripts/PlayerSkin.cs
  artifactKey: Guid(6162e2c27f5b92b4c8158289ebb4433c) Importer(815301076,1909f56bfc062723c751e8b465ee728b)
Start importing Assets/Assets/Spark/Player/Scripts/PlayerSkin.cs using Guid(6162e2c27f5b92b4c8158289ebb4433c) Importer(815301076,1909f56bfc062723c751e8b465ee728b)  -> (artifact id: '9416179f960afc827673efca422e2917') in 0.000363 seconds
Number of updated asset objects reloaded before import = 0
Number of asset objects unloaded after import = 0
========================================================================
Received Import Request.
  Time since last request: 24.514859 seconds.
  path: Assets/Assets/Spark/Player/Scripts/PlayerStateMachine.cs
  artifactKey: Guid(d39cffc2def9d86499a9af1123e0f348) Importer(815301076,1909f56bfc062723c751e8b465ee728b)
Start importing Assets/Assets/Spark/Player/Scripts/PlayerStateMachine.cs using Guid(d39cffc2def9d86499a9af1123e0f348) Importer(815301076,1909f56bfc062723c751e8b465ee728b)  -> (artifact id: 'bfcb59095a0fe6b5d8a7015593eb5de7') in 0.000359 seconds
Number of updated asset objects reloaded before import = 0
Number of asset objects unloaded after import = 0
========================================================================
Received Import Request.
  Time since last request: 6.134085 seconds.
  path: Assets/Assets/Spark/Player/Scripts/PlayerStats.cs
  artifactKey: Guid(562048cccb69dc044800455244f9f8dc) Importer(815301076,1909f56bfc062723c751e8b465ee728b)
Start importing Assets/Assets/Spark/Player/Scripts/PlayerStats.cs using Guid(562048cccb69dc044800455244f9f8dc) Importer(815301076,1909f56bfc062723c751e8b465ee728b)  -> (artifact id: '218e91ed8d3d894a498763323c7f2cb1') in 0.000357 seconds
Number of updated asset objects reloaded before import = 0
Number of asset objects unloaded after import = 0
========================================================================
Received Import Request.
  Time since last request: 19.904517 seconds.
  path: Assets/Assets/Spark/Player/Scriptables
  artifactKey: Guid(32636207a6b88be4094f8504bec19e08) Importer(815301076,1909f56bfc062723c751e8b465ee728b)
Start importing Assets/Assets/Spark/Player/Scriptables using Guid(32636207a6b88be4094f8504bec19e08) Importer(815301076,1909f56bfc062723c751e8b465ee728b)  -> (artifact id: '6b70dcacb601a7592e4f4e62c8b9342c') in 0.000443 seconds
Number of updated asset objects reloaded before import = 0
Number of asset objects unloaded after import = 0
========================================================================
Received Import Request.
  Time since last request: 4.593892 seconds.
  path: Assets/Assets/Spark/Player/Scriptables/Audios
  artifactKey: Guid(5d80bdb019af1a243a38a5d1f3894b41) Importer(815301076,1909f56bfc062723c751e8b465ee728b)
Start importing Assets/Assets/Spark/Player/Scriptables/Audios using Guid(5d80bdb019af1a243a38a5d1f3894b41) Importer(815301076,1909f56bfc062723c751e8b465ee728b)  -> (artifact id: 'd9cdac54c5b8879a2f91f0870a2749df') in 0.000385 seconds
Number of updated asset objects reloaded before import = 0
Number of asset objects unloaded after import = 0
========================================================================
Received Import Request.
  Time since last request: 4.660204 seconds.
  path: Assets/Assets/Spark/Player/Scriptables/Stats.cs
  artifactKey: Guid(0d7754da30122454e9a291c0fc6f45b2) Importer(815301076,1909f56bfc062723c751e8b465ee728b)
Start importing Assets/Assets/Spark/Player/Scriptables/Stats.cs using Guid(0d7754da30122454e9a291c0fc6f45b2) Importer(815301076,1909f56bfc062723c751e8b465ee728b)  -> (artifact id: '1c31fec806a03851e05f6796cd7b341e') in 0.000397 seconds
Number of updated asset objects reloaded before import = 0
Number of asset objects unloaded after import = 0
========================================================================
Received Import Request.
  Time since last request: 6.148100 seconds.
  path: Assets/Assets/Spark/Player/Scriptables/Stats
  artifactKey: Guid(4f0d176e0f52d3143a8aafd5f3f480bb) Importer(815301076,1909f56bfc062723c751e8b465ee728b)
Start importing Assets/Assets/Spark/Player/Scriptables/Stats using Guid(4f0d176e0f52d3143a8aafd5f3f480bb) Importer(815301076,1909f56bfc062723c751e8b465ee728b)  -> (artifact id: 'c73e97c418619c0cc7d9243e3896b839') in 0.000345 seconds
Number of updated asset objects reloaded before import = 0
Number of asset objects unloaded after import = 0
========================================================================
Received Import Request.
  Time since last request: 14.729743 seconds.
  path: Assets/Assets/Spark/Player/Scriptables/Audios/PlayerAudio.cs
  artifactKey: Guid(3eb1541b5a82f184c927ebc1a303d73a) Importer(815301076,1909f56bfc062723c751e8b465ee728b)
Start importing Assets/Assets/Spark/Player/Scriptables/Audios/PlayerAudio.cs using Guid(3eb1541b5a82f184c927ebc1a303d73a) Importer(815301076,1909f56bfc062723c751e8b465ee728b)  -> (artifact id: '47b3054d3a5c6c936ca8d24b342c532a') in 0.000383 seconds
Number of updated asset objects reloaded before import = 0
Number of asset objects unloaded after import = 0
========================================================================
Received Import Request.
  Time since last request: 26.416925 seconds.
  path: Assets/Assets/Spark/Player/Scriptables/Stats/NewBehaviourScript.cs
  artifactKey: Guid(b7f7b5ae8bcb5484b873410fbbec06d5) Importer(815301076,1909f56bfc062723c751e8b465ee728b)
Start importing Assets/Assets/Spark/Player/Scriptables/Stats/NewBehaviourScript.cs using Guid(b7f7b5ae8bcb5484b873410fbbec06d5) Importer(815301076,1909f56bfc062723c751e8b465ee728b)  -> (artifact id: '4211f5f14103fd05426cc19aa54a44a2') in 0.000344 seconds
Number of updated asset objects reloaded before import = 0
Number of asset objects unloaded after import = 0
========================================================================
Received Import Request.
  Time since last request: 497.846745 seconds.
  path: Assets/Assets/Spark/Player/Scripts/States/AirDashPlayerState.cs
  artifactKey: Guid(37ebd5d42ddf7de4cbce05c7019bfd80) Importer(815301076,1909f56bfc062723c751e8b465ee728b)
Start importing Assets/Assets/Spark/Player/Scripts/States/AirDashPlayerState.cs using Guid(37ebd5d42ddf7de4cbce05c7019bfd80) Importer(815301076,1909f56bfc062723c751e8b465ee728b)  -> (artifact id: '6fe70c4906c1bc0d59bcbf7a8eff8cda') in 0.000483 seconds
Number of updated asset objects reloaded before import = 0
Number of asset objects unloaded after import = 0
========================================================================
Received Import Request.
  Time since last request: 104.453499 seconds.
  path: Assets/Assets/Spark/Player/Scripts/PlayerState.cs
  artifactKey: Guid(8ac76c07abae03d48b14751f019685fe) Importer(815301076,1909f56bfc062723c751e8b465ee728b)
Start importing Assets/Assets/Spark/Player/Scripts/PlayerState.cs using Guid(8ac76c07abae03d48b14751f019685fe) Importer(815301076,1909f56bfc062723c751e8b465ee728b)  -> (artifact id: '8f28bd5a6985250639a4b95d89290b9c') in 0.000371 seconds
Number of updated asset objects reloaded before import = 0
Number of asset objects unloaded after import = 0
========================================================================
Received Import Request.
  Time since last request: 107.457022 seconds.
  path: Assets/Assets/Spark/Player/Scripts/PlayerStats.cs
  artifactKey: Guid(562048cccb69dc044800455244f9f8dc) Importer(815301076,1909f56bfc062723c751e8b465ee728b)
Start importing Assets/Assets/Spark/Player/Scripts/PlayerStats.cs using Guid(562048cccb69dc044800455244f9f8dc) Importer(815301076,1909f56bfc062723c751e8b465ee728b)  -> (artifact id: '25ad0728c14dbbab2ae4e16006174a66') in 0.000401 seconds
Number of updated asset objects reloaded before import = 0
Number of asset objects unloaded after import = 0
========================================================================
Received Import Request.
  Time since last request: 100.175677 seconds.
  path: Assets/Assets/Spark/Player/Scripts/PlayerState.cs
  artifactKey: Guid(8ac76c07abae03d48b14751f019685fe) Importer(815301076,1909f56bfc062723c751e8b465ee728b)
Start importing Assets/Assets/Spark/Player/Scripts/PlayerState.cs using Guid(8ac76c07abae03d48b14751f019685fe) Importer(815301076,1909f56bfc062723c751e8b465ee728b)  -> (artifact id: '856eefc3d1a6e8f8aedbafa8dd7e289b') in 0.000747 seconds
Number of updated asset objects reloaded before import = 0
Number of asset objects unloaded after import = 0
========================================================================
Received Import Request.
  Time since last request: 398.128393 seconds.
  path: Assets/Assets/Spark/Player/Scripts/PlayerInput.cs
  artifactKey: Guid(b803d7515f61f6c409354711ed93a9b6) Importer(815301076,1909f56bfc062723c751e8b465ee728b)
Start importing Assets/Assets/Spark/Player/Scripts/PlayerInput.cs using Guid(b803d7515f61f6c409354711ed93a9b6) Importer(815301076,1909f56bfc062723c751e8b465ee728b)  -> (artifact id: 'ec0ee98f9687d1d1683f680ce3fbec6f') in 0.000755 seconds
Number of updated asset objects reloaded before import = 0
Number of asset objects unloaded after import = 0
========================================================================
Received Import Request.
  Time since last request: 6.659695 seconds.
  path: Assets/Assets/Spark/Player/Scripts/PlayerCamera.cs
  artifactKey: Guid(e87290c298c07754ea4b7f72f6b03704) Importer(815301076,1909f56bfc062723c751e8b465ee728b)
Start importing Assets/Assets/Spark/Player/Scripts/PlayerCamera.cs using Guid(e87290c298c07754ea4b7f72f6b03704) Importer(815301076,1909f56bfc062723c751e8b465ee728b)  -> (artifact id: '689061ffc49bb2ac4fba8546c7e0bc60') in 0.000367 seconds
Number of updated asset objects reloaded before import = 0
Number of asset objects unloaded after import = 0
========================================================================
Received Import Request.
  Time since last request: 6.364632 seconds.
  path: Assets/Assets/Spark/Player/Scripts/PlayerStateMachine.cs
  artifactKey: Guid(d39cffc2def9d86499a9af1123e0f348) Importer(815301076,1909f56bfc062723c751e8b465ee728b)
Start importing Assets/Assets/Spark/Player/Scripts/PlayerStateMachine.cs using Guid(d39cffc2def9d86499a9af1123e0f348) Importer(815301076,1909f56bfc062723c751e8b465ee728b)  -> (artifact id: 'e998c426a1137c2899341115d2049bf4') in 0.000382 seconds
Number of updated asset objects reloaded before import = 0
Number of asset objects unloaded after import = 0
========================================================================
Received Import Request.
  Time since last request: 74.339691 seconds.
  path: Assets/Assets/Spark/Player/Scripts/PlayerSkin.cs
  artifactKey: Guid(6162e2c27f5b92b4c8158289ebb4433c) Importer(815301076,1909f56bfc062723c751e8b465ee728b)
Start importing Assets/Assets/Spark/Player/Scripts/PlayerSkin.cs using Guid(6162e2c27f5b92b4c8158289ebb4433c) Importer(815301076,1909f56bfc062723c751e8b465ee728b)  -> (artifact id: 'f8f936291d83403af7ec835418107e4b') in 0.000379 seconds
Number of updated asset objects reloaded before import = 0
Number of asset objects unloaded after import = 0
========================================================================
Received Import Request.
  Time since last request: 43.766885 seconds.
  path: Assets/Assets/Spark/Player/Scripts/PlayerPowers.cs
  artifactKey: Guid(7e52b0178c31fdd4dba61252ca66f0ba) Importer(815301076,1909f56bfc062723c751e8b465ee728b)
Start importing Assets/Assets/Spark/Player/Scripts/PlayerPowers.cs using Guid(7e52b0178c31fdd4dba61252ca66f0ba) Importer(815301076,1909f56bfc062723c751e8b465ee728b)  -> (artifact id: '2b6e49ecdb592255d14117acb3b8742c') in 0.000427 seconds
Number of updated asset objects reloaded before import = 0
Number of asset objects unloaded after import = 0
========================================================================
Received Import Request.
  Time since last request: 168.598363 seconds.
  path: Assets/Assets/Shaders
  artifactKey: Guid(9d66b0f254afeed448121922f8a7911a) Importer(815301076,1909f56bfc062723c751e8b465ee728b)
Start importing Assets/Assets/Shaders using Guid(9d66b0f254afeed448121922f8a7911a) Importer(815301076,1909f56bfc062723c751e8b465ee728b)  -> (artifact id: '4c15a991a2d2bb63e7a7f818b95bb1b8') in 0.000950 seconds
Number of updated asset objects reloaded before import = 3
Number of asset objects unloaded after import = 0
========================================================================
Received Import Request.
  Time since last request: 8.042063 seconds.
  path: Assets/Assets/Shaders/Water.mat
  artifactKey: Guid(9d9a7d5361fc0d246909d946e0ea5f0c) Importer(815301076,1909f56bfc062723c751e8b465ee728b)
Start importing Assets/Assets/Shaders/Water.mat using Guid(9d9a7d5361fc0d246909d946e0ea5f0c) Importer(815301076,1909f56bfc062723c751e8b465ee728b)  -> (artifact id: 'd587d801f203d5a8461d139c391c748d') in 0.018030 seconds
Number of updated asset objects reloaded before import = 0
Number of asset objects unloaded after import = 1
========================================================================
Received Import Request.
  Time since last request: 27.715015 seconds.
  path: Assets/Assets/Materials
  artifactKey: Guid(cf4d3e21ea689d44ca9f94d79e21c0a8) Importer(815301076,1909f56bfc062723c751e8b465ee728b)
Start importing Assets/Assets/Materials using Guid(cf4d3e21ea689d44ca9f94d79e21c0a8) Importer(815301076,1909f56bfc062723c751e8b465ee728b)  -> (artifact id: '59f976096f103d14fadfec9bfb4a263a') in 0.000370 seconds
Number of updated asset objects reloaded before import = 0
Number of asset objects unloaded after import = 0
========================================================================
Received Import Request.
  Time since last request: 3.839659 seconds.
  path: Assets/Assets/Materials/Water.mat
  artifactKey: Guid(9d9a7d5361fc0d246909d946e0ea5f0c) Importer(815301076,1909f56bfc062723c751e8b465ee728b)
Start importing Assets/Assets/Materials/Water.mat using Guid(9d9a7d5361fc0d246909d946e0ea5f0c) Importer(815301076,1909f56bfc062723c751e8b465ee728b)  -> (artifact id: '0de31a5c58a4d3e4d39deeb4889dafa9') in 0.675117 seconds
Number of updated asset objects reloaded before import = 0
Number of asset objects unloaded after import = 2
========================================================================
Received Import Request.
  Time since last request: 7.439621 seconds.
  path: Assets/Assets/Materials/Grid.mat
  artifactKey: Guid(30bbb1f86ec8fc54b801e44594704ece) Importer(815301076,1909f56bfc062723c751e8b465ee728b)
Start importing Assets/Assets/Materials/Grid.mat using Guid(30bbb1f86ec8fc54b801e44594704ece) Importer(815301076,1909f56bfc062723c751e8b465ee728b)  -> (artifact id: '7ace3446ca02d785eed1c80e1e0684d9') in 0.012365 seconds
Number of updated asset objects reloaded before import = 0
Number of asset objects unloaded after import = 1
========================================================================
Received Import Request.
  Time since last request: 94.502187 seconds.
  path: Assets/Assets/Textures/Grid.png
  artifactKey: Guid(c60ae922287f8694385df5870c4e6866) Importer(815301076,1909f56bfc062723c751e8b465ee728b)
Start importing Assets/Assets/Textures/Grid.png using Guid(c60ae922287f8694385df5870c4e6866) Importer(815301076,1909f56bfc062723c751e8b465ee728b)  -> (artifact id: '1dad49eb9e18c9841059ebb5150a01e0') in 0.027150 seconds
Number of updated asset objects reloaded before import = 0
Number of asset objects unloaded after import = 2
========================================================================
Received Import Request.
  Time since last request: 139.795850 seconds.
  path: Assets/Assets/Spark/Player
  artifactKey: Guid(5ebca3e1e8269e34f81e5c2d65f97fb4) Importer(815301076,1909f56bfc062723c751e8b465ee728b)
Start importing Assets/Assets/Spark/Player using Guid(5ebca3e1e8269e34f81e5c2d65f97fb4) Importer(815301076,1909f56bfc062723c751e8b465ee728b)  -> (artifact id: 'f9c3ab1e0b654a4d4627a353a0b2fd46') in 0.000527 seconds
Number of updated asset objects reloaded before import = 0
Number of asset objects unloaded after import = 0
========================================================================
Received Import Request.
  Time since last request: 1.723853 seconds.
  path: Assets/Assets/Spark/Player/Models
  artifactKey: Guid(edbae27ec3917af42840259953adb5f9) Importer(815301076,1909f56bfc062723c751e8b465ee728b)
Start importing Assets/Assets/Spark/Player/Models using Guid(edbae27ec3917af42840259953adb5f9) Importer(815301076,1909f56bfc062723c751e8b465ee728b)  -> (artifact id: '53b0c7e030d4483539855fc22c513e42') in 0.000418 seconds
Number of updated asset objects reloaded before import = 0
Number of asset objects unloaded after import = 0
========================================================================
Received Import Request.
  Time since last request: 1.045654 seconds.
  path: Assets/Assets/Spark/Player/Models/Textures
  artifactKey: Guid(d910f080fd7a7de439d5f6f0daf777a3) Importer(815301076,1909f56bfc062723c751e8b465ee728b)
Start importing Assets/Assets/Spark/Player/Models/Textures using Guid(d910f080fd7a7de439d5f6f0daf777a3) Importer(815301076,1909f56bfc062723c751e8b465ee728b)  -> (artifact id: '188971c4c0ef4da46da3058bdb542fe8') in 0.000329 seconds
Number of updated asset objects reloaded before import = 0
Number of asset objects unloaded after import = 0
========================================================================
Received Import Request.
  Time since last request: 0.054618 seconds.
  path: Assets/Assets/Spark/Player/Models/Textures/spark.png
  artifactKey: Guid(77975a7f346b6c145a2881cd6a47d680) Importer(815301076,1909f56bfc062723c751e8b465ee728b)
Start importing Assets/Assets/Spark/Player/Models/Textures/spark.png using Guid(77975a7f346b6c145a2881cd6a47d680) Importer(815301076,1909f56bfc062723c751e8b465ee728b)  -> (artifact id: '8e538cd58d5ba5f9ee5d0e246ece03c5') in 0.013335 seconds
Number of updated asset objects reloaded before import = 0
Number of asset objects unloaded after import = 2
========================================================================
Received Import Request.
  Time since last request: 7.512119 seconds.
  path: Assets/Assets/Spark/Player/Models/Materials
  artifactKey: Guid(11cbf9bf7058bf1459385189e91d0b2a) Importer(815301076,1909f56bfc062723c751e8b465ee728b)
Start importing Assets/Assets/Spark/Player/Models/Materials using Guid(11cbf9bf7058bf1459385189e91d0b2a) Importer(815301076,1909f56bfc062723c751e8b465ee728b)  -> (artifact id: 'b8e45080777e6c95c5d42cb2df6102a5') in 0.000437 seconds
Number of updated asset objects reloaded before import = 0
Number of asset objects unloaded after import = 0
========================================================================
Received Import Request.
  Time since last request: 25.095434 seconds.
  path: Assets/Assets/Spark/Player/Models/Spark.fbx
  artifactKey: Guid(33a8b66c2763e324b8322d3cfbe8bb38) Importer(815301076,1909f56bfc062723c751e8b465ee728b)
Start importing Assets/Assets/Spark/Player/Models/Spark.fbx using Guid(33a8b66c2763e324b8322d3cfbe8bb38) Importer(815301076,1909f56bfc062723c751e8b465ee728b)  -> (artifact id: '110afd35497ed80f59a979fd79c2bcc5') in 0.232625 seconds
Number of updated asset objects reloaded before import = 0
Number of asset objects unloaded after import = 512
========================================================================
Received Import Request.
  Time since last request: 0.058945 seconds.
  path: Assets/Assets/Spark/Player/Models/Spark.fbx
  artifactKey: Guid(33a8b66c2763e324b8322d3cfbe8bb38) Importer(815301076,1909f56bfc062723c751e8b465ee728b)
Start importing Assets/Assets/Spark/Player/Models/Spark.fbx using Guid(33a8b66c2763e324b8322d3cfbe8bb38) Importer(815301076,1909f56bfc062723c751e8b465ee728b)  -> (artifact id: '227805f0c3d402449895c7819d0e9f7e') in 0.180119 seconds
Number of updated asset objects reloaded before import = 0
Number of asset objects unloaded after import = 512
========================================================================
Received Import Request.
  Time since last request: 48.926097 seconds.
  path: Assets/Assets/Spark/Player/Models/Materials/Material.mat
  artifactKey: Guid(56a126ffec60269459eafaae30ff7904) Importer(815301076,1909f56bfc062723c751e8b465ee728b)
Start importing Assets/Assets/Spark/Player/Models/Materials/Material.mat using Guid(56a126ffec60269459eafaae30ff7904) Importer(815301076,1909f56bfc062723c751e8b465ee728b)  -> (artifact id: '265ca813704dfb9027fda8909d9170f1') in 0.012242 seconds
Number of updated asset objects reloaded before import = 0
Number of asset objects unloaded after import = 1
========================================================================
Received Import Request.
  Time since last request: 3.389184 seconds.
  path: Assets/Assets/Spark/Player/Models/Textures/eye.png
  artifactKey: Guid(5b1b93410f1c88842a541d749ffcc283) Importer(815301076,1909f56bfc062723c751e8b465ee728b)
Start importing Assets/Assets/Spark/Player/Models/Textures/eye.png using Guid(5b1b93410f1c88842a541d749ffcc283) Importer(815301076,1909f56bfc062723c751e8b465ee728b)  -> (artifact id: '0c45a79c619868e33ec3415f3f2e18cc') in 0.010123 seconds
Number of updated asset objects reloaded before import = 0
Number of asset objects unloaded after import = 2
========================================================================
Received Import Request.
  Time since last request: 50.103033 seconds.
  path: Assets/Assets/Spark/Player/Models/Materials/Eyes.mat
  artifactKey: Guid(5efaf968ba4f1a042accffd0b332dfc1) Importer(815301076,1909f56bfc062723c751e8b465ee728b)
Start importing Assets/Assets/Spark/Player/Models/Materials/Eyes.mat using Guid(5efaf968ba4f1a042accffd0b332dfc1) Importer(815301076,1909f56bfc062723c751e8b465ee728b)  -> (artifact id: '33a2892b524fc4ddfb30451dab7bef0c') in 0.011408 seconds
Number of updated asset objects reloaded before import = 0
Number of asset objects unloaded after import = 1
========================================================================
Received Import Request.
  Time since last request: 92.818741 seconds.
  path: Assets/Assets/Spark/Player/Models/Materials/eye.mat
  artifactKey: Guid(4a80f27d0dc0383419f667fd0ce3a3bc) Importer(815301076,1909f56bfc062723c751e8b465ee728b)
Start importing Assets/Assets/Spark/Player/Models/Materials/eye.mat using Guid(4a80f27d0dc0383419f667fd0ce3a3bc) Importer(815301076,1909f56bfc062723c751e8b465ee728b)  -> (artifact id: '1fca3bec77f23ea8eace1e5a741ce387') in 0.012372 seconds
Number of updated asset objects reloaded before import = 0
Number of asset objects unloaded after import = 1
========================================================================
Received Import Request.
  Time since last request: 0.000019 seconds.
  path: Assets/Assets/Spark/Player/Models/Materials/spark 6.mat
  artifactKey: Guid(2117b90490f9efa47a91b8cfea7e5a98) Importer(815301076,1909f56bfc062723c751e8b465ee728b)
Start importing Assets/Assets/Spark/Player/Models/Materials/spark 6.mat using Guid(2117b90490f9efa47a91b8cfea7e5a98) Importer(815301076,1909f56bfc062723c751e8b465ee728b)  -> (artifact id: 'dc306113e947ea4da18d9b1612a8a867') in 0.014522 seconds
Number of updated asset objects reloaded before import = 0
Number of asset objects unloaded after import = 1
========================================================================
Received Import Request.
  Time since last request: 0.000023 seconds.
  path: Assets/Assets/Spark/Player/Models/Materials/spark 7.mat
  artifactKey: Guid(d04a2613628f47d4e95c2deb5c9f3ee9) Importer(815301076,1909f56bfc062723c751e8b465ee728b)
Start importing Assets/Assets/Spark/Player/Models/Materials/spark 7.mat using Guid(d04a2613628f47d4e95c2deb5c9f3ee9) Importer(815301076,1909f56bfc062723c751e8b465ee728b)  -> (artifact id: 'eab6d71be6c40a4de9279511ec35c8d8') in 0.012936 seconds
Number of updated asset objects reloaded before import = 0
Number of asset objects unloaded after import = 1
========================================================================
Received Import Request.
  Time since last request: 0.000263 seconds.
  path: Assets/Assets/Spark/Player/Models/Materials/spark.mat
  artifactKey: Guid(d90f73d78593d3e4799b79ab5ab4495e) Importer(815301076,1909f56bfc062723c751e8b465ee728b)
Start importing Assets/Assets/Spark/Player/Models/Materials/spark.mat using Guid(d90f73d78593d3e4799b79ab5ab4495e) Importer(815301076,1909f56bfc062723c751e8b465ee728b)  -> (artifact id: 'f06e35fdc2306d50260e972b32516d51') in 0.011067 seconds
Number of updated asset objects reloaded before import = 0
Number of asset objects unloaded after import = 1
========================================================================
Received Import Request.
  Time since last request: 0.000018 seconds.
  path: Assets/Assets/Spark/Player/Models/Materials/spark 1.mat
  artifactKey: Guid(9dc7421ba8b5d274387e3b6bcc7f1dfa) Importer(815301076,1909f56bfc062723c751e8b465ee728b)
Start importing Assets/Assets/Spark/Player/Models/Materials/spark 1.mat using Guid(9dc7421ba8b5d274387e3b6bcc7f1dfa) Importer(815301076,1909f56bfc062723c751e8b465ee728b)  -> (artifact id: '6c5799b67976628458faa9ddf0a497d8') in 0.011753 seconds
Number of updated asset objects reloaded before import = 0
Number of asset objects unloaded after import = 1
========================================================================
Received Import Request.
  Time since last request: 0.000020 seconds.
  path: Assets/Assets/Spark/Player/Models/Materials/spark 4.mat
  artifactKey: Guid(efdf912b3f6774e4fa5f7b65ae08ff2e) Importer(815301076,1909f56bfc062723c751e8b465ee728b)
Start importing Assets/Assets/Spark/Player/Models/Materials/spark 4.mat using Guid(efdf912b3f6774e4fa5f7b65ae08ff2e) Importer(815301076,1909f56bfc062723c751e8b465ee728b)  -> (artifact id: '00dd72f26227d36f12266c8da1f774c6') in 0.013477 seconds
Number of updated asset objects reloaded before import = 0
Number of asset objects unloaded after import = 2
Editor requested this worker to shutdown with reason: Scaling down because of idle timeout
TcpMessagingSession - receive error: operation aborted. errorcode: 995, details: The I/O operation has been aborted because of either a thread exit or an application request.
AssetImportWorker is now disconnected from the server
Process exiting
Exiting without the bug reporter. Application will terminate with return code 0